<?xml version="1.0" encoding="UTF-8"?>
<testng-results ignored="1" total="3" passed="2" failed="0" skipped="0">
  <reporter-output>
  </reporter-output>
  <suite started-at="2022-07-02T03:01:43 IST" name="Suite" finished-at="2022-07-02T03:01:43 IST" duration-ms="45">
    <groups>
      <group name="apple">
        <method signature="ProgramsTest.program()[pri:0, instance:qaclickacademy.MavenProject.ProgramsTest@51dcb805]" name="program" class="qaclickacademy.MavenProject.ProgramsTest"/>
        <method signature="Testng.beforeclass()[pri:0, instance:qaclickacademy.MavenProject.Testng@101952da]" name="beforeclass" class="qaclickacademy.MavenProject.Testng"/>
      </group> <!-- apple -->
    </groups>
    <test started-at="2022-07-02T03:01:43 IST" name="Test2" finished-at="2022-07-02T03:01:43 IST" duration-ms="45">
      <class name="qaclickacademy.MavenProject.Testng">
        <test-method signature="beforeclass()[pri:0, instance:qaclickacademy.MavenProject.Testng@101952da]" started-at="2022-07-02T03:01:43 IST" name="beforeclass" finished-at="2022-07-02T03:01:43 IST" duration-ms="8" status="PASS">
          <reporter-output>
          </reporter-output>
        </test-method> <!-- beforeclass -->
      </class> <!-- qaclickacademy.MavenProject.Testng -->
    </test> <!-- Test2 -->
    <test started-at="2022-07-02T03:01:43 IST" name="Test" finished-at="2022-07-02T03:01:43 IST" duration-ms="45">
      <class name="qaclickacademy.MavenProject.ProgramsTest">
        <test-method signature="program()[pri:0, instance:qaclickacademy.MavenProject.ProgramsTest@51dcb805]" started-at="2022-07-02T03:01:43 IST" name="program" finished-at="2022-07-02T03:01:43 IST" duration-ms="8" status="PASS">
          <reporter-output>
          </reporter-output>
        </test-method> <!-- program -->
      </class> <!-- qaclickacademy.MavenProject.ProgramsTest -->
    </test> <!-- Test -->
  </suite> <!-- Suite -->
</testng-results>
