<?xml version="1.0" encoding="UTF-8"?>
<!-- Generated by org.testng.reporters.JUnitXMLReporter -->
<testsuite ignored="1" hostname="LAPTOP-KTRJ9C90" failures="0" tests="1" name="Test" time="0.045" errors="0" timestamp="2022-07-02T03:01:43 IST">
  <testcase classname="qaclickacademy.MavenProject.ProgramsTest" name="program" time="0.008"/>
  <testcase classname="qaclickacademy.MavenProject.ProgramsTest" name="program1" time="0.0">
    <ignored/>
  </testcase> <!-- program1 -->
</testsuite> <!-- Test -->
