<?xml version="1.0" encoding="UTF-8"?>
<!-- Generated by org.testng.reporters.JUnitXMLReporter -->
<testsuite ignored="1" hostname="LAPTOP-KTRJ9C90" failures="0" tests="1" name="Test1" time="0.004" errors="0" timestamp="2022-06-28T21:06:06 IST">
  <testcase classname="qaclickacademy.MavenProject.Programs" name="program1" time="0.001"/>
  <testcase classname="qaclickacademy.MavenProject.Programs" name="program" time="0.0">
    <ignored/>
  </testcase> <!-- program -->
</testsuite> <!-- Test1 -->
