<?xml version="1.0" encoding="UTF-8"?>
<!-- Generated by org.testng.reporters.JUnitXMLReporter -->
<testsuite ignored="0" hostname="LAPTOP-KTRJ9C90" failures="0" tests="3" name="Surefire test" time="0.076" errors="0" timestamp="2022-06-28T23:23:52 IST">
  <testcase classname="qaclickacademy.MavenProject.ProgramsTest" name="program" time="0.002"/>
  <testcase classname="qaclickacademy.MavenProject.ProgramsTest" name="program1" time="0.001"/>
  <testcase classname="qaclickacademy.MavenProject.Testnmnmmnm" name="beforeclass" time="0.017"/>
</testsuite> <!-- Surefire test -->
