<?xml version="1.0" encoding="UTF-8"?>
<testng-results ignored="0" total="1" passed="1" failed="0" skipped="0">
  <reporter-output>
  </reporter-output>
  <suite started-at="2022-07-02T03:32:50 IST" name="Default suite" finished-at="2022-07-02T03:32:55 IST" duration-ms="5112">
    <groups>
    </groups>
    <test started-at="2022-07-02T03:32:50 IST" name="Default test" finished-at="2022-07-02T03:32:55 IST" duration-ms="5112">
      <class name="Switch2.RestAssured.Basics">
        <test-method signature="postWithAssertions()[pri:0, instance:Switch2.RestAssured.Basics@394a2528]" started-at="2022-07-02T03:32:50 IST" name="postWithAssertions" finished-at="2022-07-02T03:32:55 IST" duration-ms="5055" status="PASS">
          <reporter-output>
          </reporter-output>
        </test-method> <!-- postWithAssertions -->
      </class> <!-- Switch2.RestAssured.Basics -->
    </test> <!-- Default test -->
  </suite> <!-- Default suite -->
</testng-results>
